<?xml version="1.0" encoding="UTF-8"?>
<!-- Generated by org.testng.reporters.JUnitReportReporter -->
<testsuite hostname="MacBook-58" failures="0" tests="1" name="Installation_Login.Login_Install" time="0.023" errors="0" timestamp="2023-05-25T01:28:06 GMT-04:00" skipped="0">
  <testcase classname="Installation_Login.Login_Install" name="Install" time="0.023"/>
  <system-out/>
</testsuite> <!-- Installation_Login.Login_Install -->
