<?xml version="1.0" encoding="UTF-8"?>
<!-- Generated by org.testng.reporters.JUnitReportReporter -->
<testsuite hostname="MacBook-58" failures="0" tests="1" name="Installation_Login.Test_Login_Install" time="14.549" errors="0" timestamp="2023-05-25T02:35:49 GMT-04:00" skipped="0">
  <testcase classname="Installation_Login.Test_Login_Install" name="testtt" time="14.549"/>
  <system-out/>
</testsuite> <!-- Installation_Login.Test_Login_Install -->
