<?xml version="1.0" encoding="UTF-8"?>
<!-- Generated by org.testng.reporters.JUnitReportReporter -->
<testsuite hostname="MacBook-58" failures="0" tests="2" name="Installation_Login.Test_BloodCount" time="43.591" errors="0" timestamp="2023-05-25T21:53:51 GMT-04:00" skipped="0">
  <testcase classname="Installation_Login.Test_BloodCount" name="CreateBloodCount" time="25.796"/>
  <system-out/>
  <testcase classname="Installation_Login.Test_BloodCount" name="deleteBloodCount" time="17.795"/>
  <system-out/>
</testsuite> <!-- Installation_Login.Test_BloodCount -->
